#
# There is insufficient memory for the Java Runtime Environment to continue.
# Native memory allocation (malloc) failed to allocate 32744 bytes for ChunkPool::allocate
# Possible reasons:
#   The system is out of physical RAM or swap space
#   The process is running with CompressedOops enabled, and the Java Heap may be blocking the growth of the native heap
# Possible solutions:
#   Reduce memory load on the system
#   Increase physical memory or swap space
#   Check if swap backing store is full
#   Decrease Java heap size (-Xmx/-Xms)
#   Decrease number of Java threads
#   Decrease Java thread stack sizes (-Xss)
#   Set larger code cache with -XX:ReservedCodeCacheSize=
#   JVM is running with Unscaled Compressed Oops mode in which the Java heap is
#     placed in the first 4GB address space. The Java Heap base address is the
#     maximum limit for the native heap growth. Please use -XX:HeapBaseMinAddress
#     to set the Java Heap base and to place the Java Heap above 4GB virtual address.
# This output file may be truncated or incomplete.
#
#  Out of Memory Error (arena.cpp:78), pid=7372, tid=7712
#
# JRE version: Java(TM) SE Runtime Environment (17.0.10+11) (build 17.0.10+11-LTS-240)
# Java VM: Java HotSpot(TM) 64-Bit Server VM (17.0.10+11-LTS-240, mixed mode, sharing, tiered, compressed oops, compressed class ptrs, g1 gc, windows-amd64)
# No core dump will be written. Minidumps are not enabled by default on client versions of Windows
#

---------------  S U M M A R Y ------------

Command Line: -Xmx64m -Xms64m -Dorg.gradle.appname=gradlew org.gradle.wrapper.GradleWrapperMain app:installDebug -PreactNativeDevServerPort=8081

Host: Intel(R) Core(TM) i5-4210M CPU @ 2.60GHz, 4 cores, 3G,  Windows 10 , 64 bit Build 19041 (10.0.19041.3636)
Time: Wed Feb  7 05:22:07 2024 Pakistan Standard Time elapsed time: 333.261423 seconds (0d 0h 5m 33s)

---------------  T H R E A D  ---------------

Current thread (0x0000014ffcb73c30):  JavaThread "C2 CompilerThread0" daemon [_thread_in_native, id=7712, stack(0x000000314c500000,0x000000314c600000)]


Current CompileTask:
C2: 333261 1820       4       org.gradle.internal.logging.console.MultiLineBuildProgressArea::redraw (203 bytes)

Stack: [0x000000314c500000,0x000000314c600000]
Native frames: (J=compiled Java code, j=interpreted, Vv=VM code, C=native code)
V  [jvm.dll+0x677a5a]
V  [jvm.dll+0x7d8b2d]
V  [jvm.dll+0x7da48e]
V  [jvm.dll+0x7daaf3]
V  [jvm.dll+0x2455ff]
V  [jvm.dll+0xaad50]
V  [jvm.dll+0xab09c]
V  [jvm.dll+0xaac14]
V  [jvm.dll+0x6552ec]
V  [jvm.dll+0x33db70]
V  [jvm.dll+0x3465a2]
V  [jvm.dll+0x6877cd]
V  [jvm.dll+0x68805e]
V  [jvm.dll+0x6876a0]
V  [jvm.dll+0x6855aa]
V  [jvm.dll+0x1a666c]
V  [jvm.dll+0x216938]
V  [jvm.dll+0x1a3410]
V  [jvm.dll+0x226aeb]
V  [jvm.dll+0x224cab]
V  [jvm.dll+0x78e45c]
V  [jvm.dll+0x78888a]
V  [jvm.dll+0x676935]
C  [ucrtbase.dll+0x21bb2]
C  [KERNEL32.DLL+0x17344]
C  [ntdll.dll+0x526b1]


---------------  P R O C E S S  ---------------

Threads class SMR info:
_java_thread_list=0x0000014ffd891a50, length=15, elements={
0x0000014ff0d0a510, 0x0000014ff0dd9b50, 0x0000014ff0ddd090, 0x0000014ffcb6d220,
0x0000014ffcb70c10, 0x0000014ffcb716f0, 0x0000014ffcb72760, 0x0000014ffcb73c30,
0x0000014ffcb7e470, 0x0000014ffcb98d60, 0x0000014ffcdb2a40, 0x0000014ffcdb9a00,
0x0000014ffd82f3e0, 0x0000014ffd82fe00, 0x0000014ffd831750
}

Java Threads: ( => current thread )
  0x0000014ff0d0a510 JavaThread "main" [_thread_in_native, id=21336, stack(0x000000314b800000,0x000000314b900000)]
  0x0000014ff0dd9b50 JavaThread "Reference Handler" daemon [_thread_blocked, id=16952, stack(0x000000314bf00000,0x000000314c000000)]
  0x0000014ff0ddd090 JavaThread "Finalizer" daemon [_thread_blocked, id=19412, stack(0x000000314c000000,0x000000314c100000)]
  0x0000014ffcb6d220 JavaThread "Signal Dispatcher" daemon [_thread_blocked, id=6852, stack(0x000000314c100000,0x000000314c200000)]
  0x0000014ffcb70c10 JavaThread "Attach Listener" daemon [_thread_blocked, id=18276, stack(0x000000314c200000,0x000000314c300000)]
  0x0000014ffcb716f0 JavaThread "Service Thread" daemon [_thread_blocked, id=21212, stack(0x000000314c300000,0x000000314c400000)]
  0x0000014ffcb72760 JavaThread "Monitor Deflation Thread" daemon [_thread_blocked, id=18564, stack(0x000000314c400000,0x000000314c500000)]
=>0x0000014ffcb73c30 JavaThread "C2 CompilerThread0" daemon [_thread_in_native, id=7712, stack(0x000000314c500000,0x000000314c600000)]
  0x0000014ffcb7e470 JavaThread "C1 CompilerThread0" daemon [_thread_blocked, id=12160, stack(0x000000314c600000,0x000000314c700000)]
  0x0000014ffcb98d60 JavaThread "Sweeper thread" daemon [_thread_blocked, id=8540, stack(0x000000314c700000,0x000000314c800000)]
  0x0000014ffcdb2a40 JavaThread "Notification Thread" daemon [_thread_blocked, id=15520, stack(0x000000314c800000,0x000000314c900000)]
  0x0000014ffcdb9a00 JavaThread "Common-Cleaner" daemon [_thread_blocked, id=9804, stack(0x000000314ca00000,0x000000314cb00000)]
  0x0000014ffd82f3e0 JavaThread "pool-1-thread-1" [_thread_blocked, id=18684, stack(0x000000314ce00000,0x000000314cf00000)]
  0x0000014ffd82fe00 JavaThread "DisconnectableInputStream source reader" daemon [_thread_in_native, id=12880, stack(0x000000314d000000,0x000000314d100000)]
  0x0000014ffd831750 JavaThread "Forward input" [_thread_blocked, id=908, stack(0x000000314d100000,0x000000314d200000)]

Other Threads:
  0x0000014ff0dd2fd0 VMThread "VM Thread" [stack: 0x000000314be00000,0x000000314bf00000] [id=20724]
  0x0000014ffcdb6f40 WatcherThread [stack: 0x000000314c900000,0x000000314ca00000] [id=12628]
  0x0000014ff0d26540 GCTaskThread "GC Thread#0" [stack: 0x000000314b900000,0x000000314ba00000] [id=8380]
  0x0000014ffd1d9150 GCTaskThread "GC Thread#1" [stack: 0x000000314cb00000,0x000000314cc00000] [id=20776]
  0x0000014ffd249a00 GCTaskThread "GC Thread#2" [stack: 0x000000314cc00000,0x000000314cd00000] [id=18840]
  0x0000014ffd249cc0 GCTaskThread "GC Thread#3" [stack: 0x000000314cd00000,0x000000314ce00000] [id=5612]
  0x0000014ff0d28bb0 ConcurrentGCThread "G1 Main Marker" [stack: 0x000000314ba00000,0x000000314bb00000] [id=15100]
  0x0000014ff0d294d0 ConcurrentGCThread "G1 Conc#0" [stack: 0x000000314bb00000,0x000000314bc00000] [id=20824]
  0x0000014ff0d76570 ConcurrentGCThread "G1 Refine#0" [stack: 0x000000314bc00000,0x000000314bd00000] [id=13764]
  0x0000014ff0d76eb0 ConcurrentGCThread "G1 Service" [stack: 0x000000314bd00000,0x000000314be00000] [id=19204]

Threads with active compile tasks:
C2 CompilerThread0   333323 1820       4       org.gradle.internal.logging.console.MultiLineBuildProgressArea::redraw (203 bytes)

VM state: not at safepoint (normal execution)

VM Mutex/Monitor currently owned by a thread: None

Heap address: 0x00000000fc000000, size: 64 MB, Compressed Oops mode: 32-bit

CDS archive(s) mapped at: [0x0000014f8f000000-0x0000014f8fbd0000-0x0000014f8fbd0000), size 12386304, SharedBaseAddress: 0x0000014f8f000000, ArchiveRelocationMode: 1.
Compressed class space mapped at: 0x0000014f90000000-0x0000014fd0000000, reserved size: 1073741824
Narrow klass base: 0x0000014f8f000000, Narrow klass shift: 0, Narrow klass range: 0x100000000

GC Precious Log:
 CPUs: 4 total, 4 available
 Memory: 3974M
 Large Page Support: Disabled
 NUMA Support: Disabled
 Compressed Oops: Enabled (32-bit)
 Heap Region Size: 1M
 Heap Min Capacity: 64M
 Heap Initial Capacity: 64M
 Heap Max Capacity: 64M
 Pre-touch: Disabled
 Parallel Workers: 4
 Concurrent Workers: 1
 Concurrent Refinement Workers: 4
 Periodic GC: Disabled

Heap:
 garbage-first heap   total 65536K, used 29746K [0x00000000fc000000, 0x0000000100000000)
  region size 1024K, 22 young (22528K), 3 survivors (3072K)
 Metaspace       used 9448K, committed 9664K, reserved 1114112K
  class space    used 1226K, committed 1344K, reserved 1048576K

Heap Regions: E=young(eden), S=young(survivor), O=old, HS=humongous(starts), HC=humongous(continues), CS=collection set, F=free, OA=open archive, CA=closed archive, TAMS=top-at-mark-start (previous, next)
|   0|0x00000000fc000000, 0x00000000fc100000, 0x00000000fc100000|100%| O|  |TAMS 0x00000000fc000000, 0x00000000fc000000| Untracked 
|   1|0x00000000fc100000, 0x00000000fc200000, 0x00000000fc200000|100%| O|  |TAMS 0x00000000fc100000, 0x00000000fc100000| Untracked 
|   2|0x00000000fc200000, 0x00000000fc300000, 0x00000000fc300000|100%|HS|  |TAMS 0x00000000fc200000, 0x00000000fc200000| Complete 
|   3|0x00000000fc300000, 0x00000000fc400000, 0x00000000fc400000|100%|HC|  |TAMS 0x00000000fc300000, 0x00000000fc300000| Complete 
|   4|0x00000000fc400000, 0x00000000fc500000, 0x00000000fc500000|100%|HC|  |TAMS 0x00000000fc400000, 0x00000000fc400000| Complete 
|   5|0x00000000fc500000, 0x00000000fc600000, 0x00000000fc600000|100%|HC|  |TAMS 0x00000000fc500000, 0x00000000fc500000| Complete 
|   6|0x00000000fc600000, 0x00000000fc700000, 0x00000000fc700000|100%| O|  |TAMS 0x00000000fc600000, 0x00000000fc600000| Untracked 
|   7|0x00000000fc700000, 0x00000000fc800000, 0x00000000fc800000|100%| O|  |TAMS 0x00000000fc700000, 0x00000000fc700000| Untracked 
|   8|0x00000000fc800000, 0x00000000fc80c800, 0x00000000fc900000|  4%| O|  |TAMS 0x00000000fc800000, 0x00000000fc800000| Untracked 
|   9|0x00000000fc900000, 0x00000000fc900000, 0x00000000fca00000|  0%| F|  |TAMS 0x00000000fc900000, 0x00000000fc900000| Untracked 
|  10|0x00000000fca00000, 0x00000000fca00000, 0x00000000fcb00000|  0%| F|  |TAMS 0x00000000fca00000, 0x00000000fca00000| Untracked 
|  11|0x00000000fcb00000, 0x00000000fcb00000, 0x00000000fcc00000|  0%| F|  |TAMS 0x00000000fcb00000, 0x00000000fcb00000| Untracked 
|  12|0x00000000fcc00000, 0x00000000fcc00000, 0x00000000fcd00000|  0%| F|  |TAMS 0x00000000fcc00000, 0x00000000fcc00000| Untracked 
|  13|0x00000000fcd00000, 0x00000000fcd00000, 0x00000000fce00000|  0%| F|  |TAMS 0x00000000fcd00000, 0x00000000fcd00000| Untracked 
|  14|0x00000000fce00000, 0x00000000fce00000, 0x00000000fcf00000|  0%| F|  |TAMS 0x00000000fce00000, 0x00000000fce00000| Untracked 
|  15|0x00000000fcf00000, 0x00000000fcf00000, 0x00000000fd000000|  0%| F|  |TAMS 0x00000000fcf00000, 0x00000000fcf00000| Untracked 
|  16|0x00000000fd000000, 0x00000000fd000000, 0x00000000fd100000|  0%| F|  |TAMS 0x00000000fd000000, 0x00000000fd000000| Untracked 
|  17|0x00000000fd100000, 0x00000000fd100000, 0x00000000fd200000|  0%| F|  |TAMS 0x00000000fd100000, 0x00000000fd100000| Untracked 
|  18|0x00000000fd200000, 0x00000000fd200000, 0x00000000fd300000|  0%| F|  |TAMS 0x00000000fd200000, 0x00000000fd200000| Untracked 
|  19|0x00000000fd300000, 0x00000000fd300000, 0x00000000fd400000|  0%| F|  |TAMS 0x00000000fd300000, 0x00000000fd300000| Untracked 
|  20|0x00000000fd400000, 0x00000000fd400000, 0x00000000fd500000|  0%| F|  |TAMS 0x00000000fd400000, 0x00000000fd400000| Untracked 
|  21|0x00000000fd500000, 0x00000000fd500000, 0x00000000fd600000|  0%| F|  |TAMS 0x00000000fd500000, 0x00000000fd500000| Untracked 
|  22|0x00000000fd600000, 0x00000000fd600000, 0x00000000fd700000|  0%| F|  |TAMS 0x00000000fd600000, 0x00000000fd600000| Untracked 
|  23|0x00000000fd700000, 0x00000000fd700000, 0x00000000fd800000|  0%| F|  |TAMS 0x00000000fd700000, 0x00000000fd700000| Untracked 
|  24|0x00000000fd800000, 0x00000000fd800000, 0x00000000fd900000|  0%| F|  |TAMS 0x00000000fd800000, 0x00000000fd800000| Untracked 
|  25|0x00000000fd900000, 0x00000000fd900000, 0x00000000fda00000|  0%| F|  |TAMS 0x00000000fd900000, 0x00000000fd900000| Untracked 
|  26|0x00000000fda00000, 0x00000000fda00000, 0x00000000fdb00000|  0%| F|  |TAMS 0x00000000fda00000, 0x00000000fda00000| Untracked 
|  27|0x00000000fdb00000, 0x00000000fdb00000, 0x00000000fdc00000|  0%| F|  |TAMS 0x00000000fdb00000, 0x00000000fdb00000| Untracked 
|  28|0x00000000fdc00000, 0x00000000fdc00000, 0x00000000fdd00000|  0%| F|  |TAMS 0x00000000fdc00000, 0x00000000fdc00000| Untracked 
|  29|0x00000000fdd00000, 0x00000000fdd00000, 0x00000000fde00000|  0%| F|  |TAMS 0x00000000fdd00000, 0x00000000fdd00000| Untracked 
|  30|0x00000000fde00000, 0x00000000fde00000, 0x00000000fdf00000|  0%| F|  |TAMS 0x00000000fde00000, 0x00000000fde00000| Untracked 
|  31|0x00000000fdf00000, 0x00000000fdf00000, 0x00000000fe000000|  0%| F|  |TAMS 0x00000000fdf00000, 0x00000000fdf00000| Untracked 
|  32|0x00000000fe000000, 0x00000000fe000000, 0x00000000fe100000|  0%| F|  |TAMS 0x00000000fe000000, 0x00000000fe000000| Untracked 
|  33|0x00000000fe100000, 0x00000000fe100000, 0x00000000fe200000|  0%| F|  |TAMS 0x00000000fe100000, 0x00000000fe100000| Untracked 
|  34|0x00000000fe200000, 0x00000000fe200000, 0x00000000fe300000|  0%| F|  |TAMS 0x00000000fe200000, 0x00000000fe200000| Untracked 
|  35|0x00000000fe300000, 0x00000000fe300000, 0x00000000fe400000|  0%| F|  |TAMS 0x00000000fe300000, 0x00000000fe300000| Untracked 
|  36|0x00000000fe400000, 0x00000000fe400000, 0x00000000fe500000|  0%| F|  |TAMS 0x00000000fe400000, 0x00000000fe400000| Untracked 
|  37|0x00000000fe500000, 0x00000000fe500000, 0x00000000fe600000|  0%| F|  |TAMS 0x00000000fe500000, 0x00000000fe500000| Untracked 
|  38|0x00000000fe600000, 0x00000000fe600000, 0x00000000fe700000|  0%| F|  |TAMS 0x00000000fe600000, 0x00000000fe600000| Untracked 
|  39|0x00000000fe700000, 0x00000000fe700000, 0x00000000fe800000|  0%| F|  |TAMS 0x00000000fe700000, 0x00000000fe700000| Untracked 
|  40|0x00000000fe800000, 0x00000000fe800000, 0x00000000fe900000|  0%| F|  |TAMS 0x00000000fe800000, 0x00000000fe800000| Untracked 
|  41|0x00000000fe900000, 0x00000000fe900000, 0x00000000fea00000|  0%| F|  |TAMS 0x00000000fe900000, 0x00000000fe900000| Untracked 
|  42|0x00000000fea00000, 0x00000000feb00000, 0x00000000feb00000|100%| E|  |TAMS 0x00000000fea00000, 0x00000000fea00000| Complete 
|  43|0x00000000feb00000, 0x00000000fec00000, 0x00000000fec00000|100%| E|CS|TAMS 0x00000000feb00000, 0x00000000feb00000| Complete 
|  44|0x00000000fec00000, 0x00000000fed00000, 0x00000000fed00000|100%| S|CS|TAMS 0x00000000fec00000, 0x00000000fec00000| Complete 
|  45|0x00000000fed00000, 0x00000000fee00000, 0x00000000fee00000|100%| S|CS|TAMS 0x00000000fed00000, 0x00000000fed00000| Complete 
|  46|0x00000000fee00000, 0x00000000fef00000, 0x00000000fef00000|100%| S|CS|TAMS 0x00000000fee00000, 0x00000000fee00000| Complete 
|  47|0x00000000fef00000, 0x00000000ff000000, 0x00000000ff000000|100%| E|CS|TAMS 0x00000000fef00000, 0x00000000fef00000| Complete 
|  48|0x00000000ff000000, 0x00000000ff100000, 0x00000000ff100000|100%| E|CS|TAMS 0x00000000ff000000, 0x00000000ff000000| Complete 
|  49|0x00000000ff100000, 0x00000000ff200000, 0x00000000ff200000|100%| E|CS|TAMS 0x00000000ff100000, 0x00000000ff100000| Complete 
|  50|0x00000000ff200000, 0x00000000ff300000, 0x00000000ff300000|100%| E|CS|TAMS 0x00000000ff200000, 0x00000000ff200000| Complete 
|  51|0x00000000ff300000, 0x00000000ff400000, 0x00000000ff400000|100%| E|CS|TAMS 0x00000000ff300000, 0x00000000ff300000| Complete 
|  52|0x00000000ff400000, 0x00000000ff500000, 0x00000000ff500000|100%| E|CS|TAMS 0x00000000ff400000, 0x00000000ff400000| Complete 
|  53|0x00000000ff500000, 0x00000000ff600000, 0x00000000ff600000|100%| E|CS|TAMS 0x00000000ff500000, 0x00000000ff500000| Complete 
|  54|0x00000000ff600000, 0x00000000ff700000, 0x00000000ff700000|100%| E|CS|TAMS 0x00000000ff600000, 0x00000000ff600000| Complete 
|  55|0x00000000ff700000, 0x00000000ff800000, 0x00000000ff800000|100%| E|CS|TAMS 0x00000000ff700000, 0x00000000ff700000| Complete 
|  56|0x00000000ff800000, 0x00000000ff900000, 0x00000000ff900000|100%| E|CS|TAMS 0x00000000ff800000, 0x00000000ff800000| Complete 
|  57|0x00000000ff900000, 0x00000000ffa00000, 0x00000000ffa00000|100%| E|CS|TAMS 0x00000000ff900000, 0x00000000ff900000| Complete 
|  58|0x00000000ffa00000, 0x00000000ffb00000, 0x00000000ffb00000|100%| E|CS|TAMS 0x00000000ffa00000, 0x00000000ffa00000| Complete 
|  59|0x00000000ffb00000, 0x00000000ffc00000, 0x00000000ffc00000|100%| E|CS|TAMS 0x00000000ffb00000, 0x00000000ffb00000| Complete 
|  60|0x00000000ffc00000, 0x00000000ffd00000, 0x00000000ffd00000|100%| E|CS|TAMS 0x00000000ffc00000, 0x00000000ffc00000| Complete 
|  61|0x00000000ffd00000, 0x00000000ffe00000, 0x00000000ffe00000|100%| E|CS|TAMS 0x00000000ffd00000, 0x00000000ffd00000| Complete 
|  62|0x00000000ffe00000, 0x00000000fff00000, 0x00000000fff00000|100%| E|CS|TAMS 0x00000000ffe00000, 0x00000000ffe00000| Complete 
|  63|0x00000000fff00000, 0x0000000100000000, 0x0000000100000000|100%| E|CS|TAMS 0x00000000fff00000, 0x00000000fff00000| Complete 

Card table byte_map: [0x0000014ffa3c0000,0x0000014ffa3e0000] _byte_map_base: 0x0000014ff9be0000

Marking Bits (Prev, Next): (CMBitMap*) 0x0000014ff0d27a80, (CMBitMap*) 0x0000014ff0d27ac0
 Prev Bits: [0x0000014ffa400000, 0x0000014ffa500000)
 Next Bits: [0x0000014ffa500000, 0x0000014ffa600000)

Polling page: 0x0000014ff0ba0000

Metaspace:

Usage:
  Non-class:      8.03 MB used.
      Class:      1.20 MB used.
       Both:      9.23 MB used.

Virtual space:
  Non-class space:       64.00 MB reserved,       8.12 MB ( 13%) committed,  1 nodes.
      Class space:        1.00 GB reserved,       1.31 MB ( <1%) committed,  1 nodes.
             Both:        1.06 GB reserved,       9.44 MB ( <1%) committed. 

Chunk freelists:
   Non-Class:  7.70 MB
       Class:  14.60 MB
        Both:  22.30 MB

MaxMetaspaceSize: unlimited
CompressedClassSpaceSize: 1.00 GB
Initial GC threshold: 21.00 MB
Current GC threshold: 21.00 MB
CDS: on
MetaspaceReclaimPolicy: balanced
 - commit_granule_bytes: 65536.
 - commit_granule_words: 8192.
 - virtual_space_node_default_size: 8388608.
 - enlarge_chunks_in_place: 1.
 - new_chunks_are_fully_committed: 0.
 - uncommit_free_chunks: 1.
 - use_allocation_guard: 0.
 - handle_deallocations: 1.


Internal statistics:

num_allocs_failed_limit: 0.
num_arena_births: 78.
num_arena_deaths: 0.
num_vsnodes_births: 2.
num_vsnodes_deaths: 0.
num_space_committed: 151.
num_space_uncommitted: 0.
num_chunks_returned_to_freelist: 0.
num_chunks_taken_from_freelist: 327.
num_chunk_merges: 0.
num_chunk_splits: 227.
num_chunks_enlarged: 187.
num_inconsistent_stats: 0.

CodeHeap 'non-profiled nmethods': size=120000Kb used=705Kb max_used=705Kb free=119294Kb
 bounds [0x0000014f87ad0000, 0x0000014f87d40000, 0x0000014f8f000000]
CodeHeap 'profiled nmethods': size=120000Kb used=3404Kb max_used=3404Kb free=116595Kb
 bounds [0x0000014f80000000, 0x0000014f80360000, 0x0000014f87530000]
CodeHeap 'non-nmethods': size=5760Kb used=1171Kb max_used=1192Kb free=4588Kb
 bounds [0x0000014f87530000, 0x0000014f877a0000, 0x0000014f87ad0000]
 total_blobs=2287 nmethods=1819 adapters=381
 compilation: enabled
              stopped_count=0, restarted_count=0
 full_count=0

Compilation events (20 events):
Event: 304.273 Thread 0x0000014ffcb73c30 nmethod 1809 0x0000014f87b7e290 code [0x0000014f87b7e400, 0x0000014f87b7e5d8]
Event: 304.273 Thread 0x0000014ffcb73c30 1810       4       java.lang.Long::getChars (208 bytes)
Event: 304.275 Thread 0x0000014ffcb73c30 nmethod 1810 0x0000014f87b7e690 code [0x0000014f87b7e820, 0x0000014f87b7e9b8]
Event: 304.585 Thread 0x0000014ffcb73c30 1811       4       java.lang.AbstractStringBuilder::append (60 bytes)
Event: 304.604 Thread 0x0000014ffcb73c30 nmethod 1811 0x0000014f87b7eb90 code [0x0000014f87b7ed40, 0x0000014f87b7f648]
Event: 309.254 Thread 0x0000014ffcb7e470 1812       3       org.gradle.internal.logging.console.Cursor::at (20 bytes)
Event: 309.255 Thread 0x0000014ffcb7e470 nmethod 1812 0x0000014f80350e90 code [0x0000014f80351040, 0x0000014f80351258]
Event: 309.272 Thread 0x0000014ffcb7e470 1813       3       org.gradle.internal.logging.console.DefaultAnsiExecutor$AnsiContextImpl::eraseForward (13 bytes)
Event: 309.273 Thread 0x0000014ffcb7e470 nmethod 1813 0x0000014f80351390 code [0x0000014f80351540, 0x0000014f803517a8]
Event: 324.795 Thread 0x0000014ffcb73c30 1814   !   4       net.rubygrapefruit.platform.internal.WindowsTerminal::getTerminalSize (84 bytes)
Event: 324.841 Thread 0x0000014ffcb73c30 nmethod 1814 0x0000014f87b7fa90 code [0x0000014f87b7fc40, 0x0000014f87b80088]
Event: 326.333 Thread 0x0000014ffcb7e470 1815       3       java.nio.channels.spi.AbstractSelector::begin (48 bytes)
Event: 326.379 Thread 0x0000014ffcb7e470 nmethod 1815 0x0000014f80351910 code [0x0000014f80351b00, 0x0000014f80352178]
Event: 330.284 Thread 0x0000014ffcb7e470 1817       3       java.util.ArrayDeque::push (6 bytes)
Event: 330.286 Thread 0x0000014ffcb7e470 nmethod 1817 0x0000014f80352410 code [0x0000014f803525c0, 0x0000014f80352708]
Event: 332.075 Thread 0x0000014ffcb7e470 1818       3       java.util.ArrayDeque::pop (5 bytes)
Event: 332.079 Thread 0x0000014ffcb7e470 nmethod 1818 0x0000014f80352790 code [0x0000014f80352960, 0x0000014f80352c38]
Event: 332.331 Thread 0x0000014ffcb7e470 1819       3       org.gradle.internal.logging.console.ProgressOperation::hasChildren (25 bytes)
Event: 332.357 Thread 0x0000014ffcb7e470 nmethod 1819 0x0000014f80352d90 code [0x0000014f80352f40, 0x0000014f803531a8]
Event: 333.218 Thread 0x0000014ffcb73c30 1820       4       org.gradle.internal.logging.console.MultiLineBuildProgressArea::redraw (203 bytes)

GC Heap History (4 events):
Event: 0.950 GC heap before
{Heap before GC invocations=0 (full 0):
 garbage-first heap   total 65536K, used 12288K [0x00000000fc000000, 0x0000000100000000)
  region size 1024K, 13 young (13312K), 0 survivors (0K)
 Metaspace       used 1833K, committed 1920K, reserved 1114112K
  class space    used 167K, committed 192K, reserved 1048576K
}
Event: 0.957 GC heap after
{Heap after GC invocations=1 (full 0):
 garbage-first heap   total 65536K, used 3600K [0x00000000fc000000, 0x0000000100000000)
  region size 1024K, 2 young (2048K), 2 survivors (2048K)
 Metaspace       used 1833K, committed 1920K, reserved 1114112K
  class space    used 167K, committed 192K, reserved 1048576K
}
Event: 1.936 GC heap before
{Heap before GC invocations=1 (full 0):
 garbage-first heap   total 65536K, used 22032K [0x00000000fc000000, 0x0000000100000000)
  region size 1024K, 17 young (17408K), 2 survivors (2048K)
 Metaspace       used 5022K, committed 5184K, reserved 1114112K
  class space    used 660K, committed 768K, reserved 1048576K
}
Event: 1.942 GC heap after
{Heap after GC invocations=2 (full 0):
 garbage-first heap   total 65536K, used 11314K [0x00000000fc000000, 0x0000000100000000)
  region size 1024K, 3 young (3072K), 3 survivors (3072K)
 Metaspace       used 5022K, committed 5184K, reserved 1114112K
  class space    used 660K, committed 768K, reserved 1048576K
}

Deoptimization events (20 events):
Event: 2.469 Thread 0x0000014ff0d0a510 DEOPT PACKING pc=0x0000014f87b37754 sp=0x000000314b8fbaf0
Event: 2.469 Thread 0x0000014ff0d0a510 DEOPT UNPACKING pc=0x0000014f875823a3 sp=0x000000314b8fba90 mode 2
Event: 2.608 Thread 0x0000014ff0d0a510 Uncommon trap: trap_request=0xffffff45 fr.pc=0x0000014f87b1dfc0 relative=0x0000000000001b80
Event: 2.608 Thread 0x0000014ff0d0a510 Uncommon trap: reason=unstable_if action=reinterpret pc=0x0000014f87b1dfc0 method=java.io.WinNTFileSystem.normalize(Ljava/lang/String;)Ljava/lang/String; @ 128 c2
Event: 2.608 Thread 0x0000014ff0d0a510 DEOPT PACKING pc=0x0000014f87b1dfc0 sp=0x000000314b8fbb00
Event: 2.608 Thread 0x0000014ff0d0a510 DEOPT UNPACKING pc=0x0000014f875823a3 sp=0x000000314b8fbae8 mode 2
Event: 3.442 Thread 0x0000014ff0d0a510 Uncommon trap: trap_request=0xffffff45 fr.pc=0x0000014f87b110e0 relative=0x0000000000000620
Event: 3.442 Thread 0x0000014ff0d0a510 Uncommon trap: reason=unstable_if action=reinterpret pc=0x0000014f87b110e0 method=java.lang.AbstractStringBuilder.append(Ljava/lang/String;)Ljava/lang/AbstractStringBuilder; @ 1 c2
Event: 3.442 Thread 0x0000014ff0d0a510 DEOPT PACKING pc=0x0000014f87b110e0 sp=0x000000314b8fc830
Event: 3.442 Thread 0x0000014ff0d0a510 DEOPT UNPACKING pc=0x0000014f875823a3 sp=0x000000314b8fc7b0 mode 2
Event: 3.443 Thread 0x0000014ff0d0a510 Uncommon trap: trap_request=0xffffff45 fr.pc=0x0000014f87b12070 relative=0x0000000000000630
Event: 3.443 Thread 0x0000014ff0d0a510 Uncommon trap: reason=unstable_if action=reinterpret pc=0x0000014f87b12070 method=java.lang.AbstractStringBuilder.append(Ljava/lang/String;)Ljava/lang/AbstractStringBuilder; @ 1 c2
Event: 3.443 Thread 0x0000014ff0d0a510 DEOPT PACKING pc=0x0000014f87b12070 sp=0x000000314b8fc7d0
Event: 3.443 Thread 0x0000014ff0d0a510 DEOPT UNPACKING pc=0x0000014f875823a3 sp=0x000000314b8fc7b8 mode 2
Event: 3.685 Thread 0x0000014ff0d0a510 Uncommon trap: trap_request=0xffffff45 fr.pc=0x0000014f87b1fd64 relative=0x0000000000000404
Event: 3.685 Thread 0x0000014ff0d0a510 Uncommon trap: reason=unstable_if action=reinterpret pc=0x0000014f87b1fd64 method=java.util.regex.Matcher.match(II)Z @ 76 c2
Event: 3.685 Thread 0x0000014ff0d0a510 DEOPT PACKING pc=0x0000014f87b1fd64 sp=0x000000314b8fbb00
Event: 3.685 Thread 0x0000014ff0d0a510 DEOPT UNPACKING pc=0x0000014f875823a3 sp=0x000000314b8fbab8 mode 2
Event: 295.070 Thread 0x0000014ffd82f3e0 DEOPT PACKING pc=0x0000014f802c1e83 sp=0x000000314cefeb70
Event: 295.078 Thread 0x0000014ffd82f3e0 DEOPT UNPACKING pc=0x0000014f87582b43 sp=0x000000314cefdfe0 mode 0

Classes unloaded (0 events):
No events

Classes redefined (0 events):
No events

Internal exceptions (17 events):
Event: 0.314 Thread 0x0000014ff0d0a510 Exception <a 'java/lang/NoSuchMethodError'{0x00000000ffc5c210}: 'int java.lang.invoke.DirectMethodHandle$Holder.invokeStaticInit(java.lang.Object, java.lang.Object)'> (0x00000000ffc5c210) 
thrown [s\open\src\hotspot\share\interpreter\linkResolver.cpp, line 759]
Event: 1.537 Thread 0x0000014ff0d0a510 Exception <a 'java/lang/NoSuchMethodError'{0x00000000ff625640}: 'void java.lang.invoke.DirectMethodHandle$Holder.invokeStatic(java.lang.Object, java.lang.Object)'> (0x00000000ff625640) 
thrown [s\open\src\hotspot\share\interpreter\linkResolver.cpp, line 759]
Event: 1.596 Thread 0x0000014ff0d0a510 Exception <a 'java/lang/NoClassDefFoundError'{0x00000000ff6aa010}: org/slf4j/impl/StaticMarkerBinder> (0x00000000ff6aa010) 
thrown [s\open\src\hotspot\share\classfile\systemDictionary.cpp, line 245]
Event: 1.652 Thread 0x0000014ff0d0a510 Exception <a 'java/lang/NoSuchMethodError'{0x00000000ff54abb0}: 'java.lang.Object java.lang.invoke.DirectMethodHandle$Holder.invokeVirtual(java.lang.Object, java.lang.Object, java.lang.Object, java.lang.Object, java.lang.Object, java.lang.Object, java.lang.Object)'> (0x00000000ff54abb0) 
thrown [s\open\src\hotspot\share\interpreter\linkResolver.cpp, line 759]
Event: 1.656 Thread 0x0000014ff0d0a510 Exception <a 'java/lang/NoSuchMethodError'{0x00000000ff55c390}: 'java.lang.Object java.lang.invoke.Invokers$Holder.invoker(java.lang.Object, java.lang.Object, java.lang.Object)'> (0x00000000ff55c390) 
thrown [s\open\src\hotspot\share\interpreter\linkResolver.cpp, line 759]
Event: 1.659 Thread 0x0000014ff0d0a510 Exception <a 'java/lang/NoSuchMethodError'{0x00000000ff565460}: 'java.lang.Object java.lang.invoke.DirectMethodHandle$Holder.invokeStatic(java.lang.Object, java.lang.Object, int)'> (0x00000000ff565460) 
thrown [s\open\src\hotspot\share\interpreter\linkResolver.cpp, line 759]
Event: 1.662 Thread 0x0000014ff0d0a510 Exception <a 'java/lang/NoSuchMethodError'{0x00000000ff571150}: 'void java.lang.invoke.DelegatingMethodHandle$Holder.delegate(java.lang.Object, java.lang.Object, int, java.lang.Object)'> (0x00000000ff571150) 
thrown [s\open\src\hotspot\share\interpreter\linkResolver.cpp, line 759]
Event: 1.663 Thread 0x0000014ff0d0a510 Exception <a 'java/lang/NoSuchMethodError'{0x00000000ff575298}: 'int java.lang.invoke.DirectMethodHandle$Holder.invokeSpecial(java.lang.Object, java.lang.Object, java.lang.Object)'> (0x00000000ff575298) 
thrown [s\open\src\hotspot\share\interpreter\linkResolver.cpp, line 759]
Event: 1.667 Thread 0x0000014ff0d0a510 Exception <a 'java/lang/NoSuchMethodError'{0x00000000ff5883e0}: 'java.lang.Object java.lang.invoke.Invokers$Holder.invokeExact_MT(java.lang.Object, java.lang.Object, java.lang.Object, java.lang.Object)'> (0x00000000ff5883e0) 
thrown [s\open\src\hotspot\share\interpreter\linkResolver.cpp, line 759]
Event: 2.076 Thread 0x0000014ff0d0a510 Exception <a 'java/lang/NoSuchMethodError'{0x00000000ffd48c28}: 'void java.lang.invoke.DirectMethodHandle$Holder.invokeSpecial(java.lang.Object, java.lang.Object, java.lang.Object)'> (0x00000000ffd48c28) 
thrown [s\open\src\hotspot\share\interpreter\linkResolver.cpp, line 759]
Event: 2.100 Thread 0x0000014ff0d0a510 Implicit null exception at 0x0000014f87b1ac0a to 0x0000014f87b1b134
Event: 2.155 Thread 0x0000014ff0d0a510 Exception <a 'java/lang/NoSuchMethodError'{0x00000000ffc96798}: 'java.lang.Object java.lang.invoke.DirectMethodHandle$Holder.invokeStaticInit(java.lang.Object)'> (0x00000000ffc96798) 
thrown [s\open\src\hotspot\share\interpreter\linkResolver.cpp, line 759]
Event: 2.447 Thread 0x0000014ff0d0a510 Exception <a 'java/lang/NoSuchMethodError'{0x00000000ff84cd90}: 'java.lang.Object java.lang.invoke.DirectMethodHandle$Holder.invokeStaticInit(java.lang.Object, int, int, int, int)'> (0x00000000ff84cd90) 
thrown [s\open\src\hotspot\share\interpreter\linkResolver.cpp, line 759]
Event: 2.723 Thread 0x0000014ff0d0a510 Exception <a 'java/lang/NoSuchMethodError'{0x00000000ff89c5f0}: 'java.lang.Object java.lang.invoke.DirectMethodHandle$Holder.invokeStaticInit(java.lang.Object, java.lang.Object, int, int, int, int)'> (0x00000000ff89c5f0) 
thrown [s\open\src\hotspot\share\interpreter\linkResolver.cpp, line 759]
Event: 3.404 Thread 0x0000014ff0d0a510 Exception <a 'java/lang/NoSuchMethodError'{0x00000000ff8c9f50}: 'void java.lang.invoke.DirectMethodHandle$Holder.invokeStatic(java.lang.Object, java.lang.Object, java.lang.Object)'> (0x00000000ff8c9f50) 
thrown [s\open\src\hotspot\share\interpreter\linkResolver.cpp, line 759]
Event: 3.442 Thread 0x0000014ff0d0a510 Implicit null exception at 0x0000014f87b10af2 to 0x0000014f87b110c8
Event: 3.443 Thread 0x0000014ff0d0a510 Implicit null exception at 0x0000014f87b11a72 to 0x0000014f87b12058

VM Operations (20 events):
Event: 196.802 Executing VM operation: Cleanup
Event: 196.803 Executing VM operation: Cleanup done
Event: 234.055 Executing VM operation: Cleanup
Event: 234.056 Executing VM operation: Cleanup done
Event: 246.143 Executing VM operation: Cleanup
Event: 246.144 Executing VM operation: Cleanup done
Event: 264.316 Executing VM operation: Cleanup
Event: 264.316 Executing VM operation: Cleanup done
Event: 265.323 Executing VM operation: Cleanup
Event: 265.323 Executing VM operation: Cleanup done
Event: 290.471 Executing VM operation: Cleanup
Event: 290.471 Executing VM operation: Cleanup done
Event: 295.482 Executing VM operation: Cleanup
Event: 295.483 Executing VM operation: Cleanup done
Event: 296.494 Executing VM operation: Cleanup
Event: 296.494 Executing VM operation: Cleanup done
Event: 309.569 Executing VM operation: Cleanup
Event: 309.569 Executing VM operation: Cleanup done
Event: 332.714 Executing VM operation: Cleanup
Event: 332.714 Executing VM operation: Cleanup done

Events (20 events):
Event: 145.054 loading class jdk/internal/logger/LazyLoggers$LazyLoggerFactories
Event: 145.055 loading class jdk/internal/logger/LazyLoggers$LazyLoggerFactories done
Event: 145.089 loading class jdk/internal/logger/LoggerFinderLoader
Event: 145.094 loading class jdk/internal/logger/LoggerFinderLoader done
Event: 145.111 loading class jdk/internal/logger/LoggerFinderLoader$TemporaryLoggerFinder
Event: 145.111 loading class jdk/internal/logger/LoggerFinderLoader$TemporaryLoggerFinder done
Event: 145.117 loading class sun/util/logging/internal/LoggingProviderImpl$JULWrapper
Event: 145.119 loading class sun/util/logging/PlatformLogger$ConfigurableBridge$LoggerConfiguration
Event: 145.120 loading class sun/util/logging/PlatformLogger$ConfigurableBridge$LoggerConfiguration done
Event: 145.120 loading class sun/util/logging/internal/LoggingProviderImpl$JULWrapper done
Event: 145.121 loading class java/io/ObjectInputFilter
Event: 145.122 loading class java/io/ObjectInputFilter done
Event: 145.124 loading class java/io/ObjectInputFilter$Config$BuiltinFilterFactory
Event: 145.125 loading class java/io/ObjectInputFilter$Config$BuiltinFilterFactory done
Event: 145.125 loading class jdk/internal/access/JavaObjectInputFilterAccess
Event: 145.126 loading class jdk/internal/access/JavaObjectInputFilterAccess done
Event: 145.127 loading class java/lang/System$Logger$Level
Event: 145.128 loading class java/lang/System$Logger$Level done
Event: 145.129 loading class java/io/Bits
Event: 145.129 loading class java/io/Bits done


Dynamic libraries:
0x00007ff770e70000 - 0x00007ff770e80000 	C:\Program Files\Java\jdk-17\bin\java.exe
0x00007ffdf1770000 - 0x00007ffdf1968000 	C:\Windows\SYSTEM32\ntdll.dll
0x00007ffdf13a0000 - 0x00007ffdf145d000 	C:\Windows\System32\KERNEL32.DLL
0x00007ffdef040000 - 0x00007ffdef336000 	C:\Windows\System32\KERNELBASE.dll
0x00007ffdef3b0000 - 0x00007ffdef4b0000 	C:\Windows\System32\ucrtbase.dll
0x00007ffde7470000 - 0x00007ffde7489000 	C:\Program Files\Java\jdk-17\bin\jli.dll
0x00007ffdefb70000 - 0x00007ffdefc23000 	C:\Windows\System32\ADVAPI32.dll
0x00007ffdefad0000 - 0x00007ffdefb6e000 	C:\Windows\System32\msvcrt.dll
0x00007ffdf0a00000 - 0x00007ffdf0a9f000 	C:\Windows\System32\sechost.dll
0x00007ffdf0190000 - 0x00007ffdf02b6000 	C:\Windows\System32\RPCRT4.dll
0x00007ffdef4e0000 - 0x00007ffdef507000 	C:\Windows\System32\bcrypt.dll
0x00007ffdf0860000 - 0x00007ffdf09fe000 	C:\Windows\System32\USER32.dll
0x00007ffde7370000 - 0x00007ffde738b000 	C:\Program Files\Java\jdk-17\bin\VCRUNTIME140.dll
0x00007ffdef4b0000 - 0x00007ffdef4d2000 	C:\Windows\System32\win32u.dll
0x00007ffdf0130000 - 0x00007ffdf015c000 	C:\Windows\System32\GDI32.dll
0x00007ffdef650000 - 0x00007ffdef76a000 	C:\Windows\System32\gdi32full.dll
0x00007ffdeefa0000 - 0x00007ffdef03d000 	C:\Windows\System32\msvcp_win.dll
0x00007ffdc4030000 - 0x00007ffdc42ca000 	C:\Windows\WinSxS\amd64_microsoft.windows.common-controls_6595b64144ccf1df_6.0.19041.3636_none_60b6a03d71f818d5\COMCTL32.dll
0x00007ffded540000 - 0x00007ffded54a000 	C:\Windows\SYSTEM32\VERSION.dll
0x00007ffdf0160000 - 0x00007ffdf0190000 	C:\Windows\System32\IMM32.DLL
0x00007ffded5e0000 - 0x00007ffded5ec000 	C:\Program Files\Java\jdk-17\bin\vcruntime140_1.dll
0x00007ffdbfa00000 - 0x00007ffdbfa8e000 	C:\Program Files\Java\jdk-17\bin\msvcp140.dll
0x00007ffd95550000 - 0x00007ffd9612f000 	C:\Program Files\Java\jdk-17\bin\server\jvm.dll
0x00007ffdf0ab0000 - 0x00007ffdf0ab8000 	C:\Windows\System32\PSAPI.DLL
0x00007ffdd91f0000 - 0x00007ffdd91f9000 	C:\Windows\SYSTEM32\WSOCK32.dll
0x00007ffdf0ac0000 - 0x00007ffdf0b2b000 	C:\Windows\System32\WS2_32.dll
0x00007ffddd890000 - 0x00007ffddd8b7000 	C:\Windows\SYSTEM32\WINMM.dll
0x00007ffded640000 - 0x00007ffded652000 	C:\Windows\SYSTEM32\kernel.appcore.dll
0x00007ffded4c0000 - 0x00007ffded4ca000 	C:\Program Files\Java\jdk-17\bin\jimage.dll
0x00007ffdb9dd0000 - 0x00007ffdb9fb4000 	C:\Windows\SYSTEM32\DBGHELP.DLL
0x00007ffdba100000 - 0x00007ffdba134000 	C:\Windows\SYSTEM32\dbgcore.DLL
0x00007ffdef510000 - 0x00007ffdef592000 	C:\Windows\System32\bcryptPrimitives.dll
0x00007ffdbc220000 - 0x00007ffdbc245000 	C:\Program Files\Java\jdk-17\bin\java.dll
0x00007ffdb25b0000 - 0x00007ffdb2687000 	C:\Program Files\Java\jdk-17\bin\jsvml.dll
0x00007ffdf0c50000 - 0x00007ffdf1395000 	C:\Windows\System32\SHELL32.dll
0x00007ffdeccf0000 - 0x00007ffded48b000 	C:\Windows\SYSTEM32\windows.storage.dll
0x00007ffdefdd0000 - 0x00007ffdf0124000 	C:\Windows\System32\combase.dll
0x00007ffdee790000 - 0x00007ffdee7bd000 	C:\Windows\SYSTEM32\Wldp.dll
0x00007ffdf1680000 - 0x00007ffdf172d000 	C:\Windows\System32\SHCORE.dll
0x00007ffdefd70000 - 0x00007ffdefdc5000 	C:\Windows\System32\shlwapi.dll
0x00007ffdeed70000 - 0x00007ffdeed95000 	C:\Windows\SYSTEM32\profapi.dll
0x00007ffde7280000 - 0x00007ffde7299000 	C:\Program Files\Java\jdk-17\bin\net.dll
0x00007ffde5060000 - 0x00007ffde516a000 	C:\Windows\SYSTEM32\WINHTTP.dll
0x00007ffdee570000 - 0x00007ffdee5da000 	C:\Windows\system32\mswsock.dll
0x00007ffdde680000 - 0x00007ffdde696000 	C:\Program Files\Java\jdk-17\bin\nio.dll
0x00007ffdc3060000 - 0x00007ffdc3078000 	C:\Program Files\Java\jdk-17\bin\zip.dll
0x00007ffdea960000 - 0x00007ffdea970000 	C:\Program Files\Java\jdk-17\bin\verify.dll
0x00007ffdbc1f0000 - 0x00007ffdbc217000 	C:\Users\saad\.gradle\native\68d5fa5c4cc2d200863cafc0d521ce42e7d3e7ee720ec0a83991735586a16f82\windows-amd64\native-platform.dll
0x00007ffded4e0000 - 0x00007ffded4ea000 	C:\Users\saad\.gradle\native\jansi\1.18\windows64\jansi.dll
0x00007ffde73c0000 - 0x00007ffde73ca000 	C:\Program Files\Java\jdk-17\bin\management.dll
0x00007ffde49f0000 - 0x00007ffde49fb000 	C:\Program Files\Java\jdk-17\bin\management_ext.dll
0x00007ffdee7d0000 - 0x00007ffdee7e8000 	C:\Windows\SYSTEM32\CRYPTSP.dll
0x00007ffdede50000 - 0x00007ffdede84000 	C:\Windows\system32\rsaenh.dll
0x00007ffdeecf0000 - 0x00007ffdeed1e000 	C:\Windows\SYSTEM32\USERENV.dll
0x00007ffdee700000 - 0x00007ffdee70c000 	C:\Windows\SYSTEM32\CRYPTBASE.dll
0x00007ffdee230000 - 0x00007ffdee26b000 	C:\Windows\SYSTEM32\IPHLPAPI.DLL
0x00007ffdef990000 - 0x00007ffdef998000 	C:\Windows\System32\NSI.dll
0x00007ffde4960000 - 0x00007ffde4977000 	C:\Windows\SYSTEM32\dhcpcsvc6.DLL
0x00007ffde4940000 - 0x00007ffde495d000 	C:\Windows\SYSTEM32\dhcpcsvc.DLL
0x00007ffdee270000 - 0x00007ffdee33a000 	C:\Windows\SYSTEM32\DNSAPI.dll
0x00007ffddf880000 - 0x00007ffddf88e000 	C:\Program Files\Java\jdk-17\bin\sunmscapi.dll
0x00007ffdeee40000 - 0x00007ffdeef9d000 	C:\Windows\System32\CRYPT32.dll
0x00007ffdee8e0000 - 0x00007ffdee908000 	C:\Windows\SYSTEM32\ncrypt.dll
0x00007ffdee8a0000 - 0x00007ffdee8db000 	C:\Windows\SYSTEM32\NTASN1.dll
0x00007ffddf830000 - 0x00007ffddf837000 	C:\Windows\system32\wshunix.dll

dbghelp: loaded successfully - version: 4.0.5 - missing functions: none
symbol engine: initialized successfully - sym options: 0x614 - pdb path: .;C:\Program Files\Java\jdk-17\bin;C:\Windows\SYSTEM32;C:\Windows\WinSxS\amd64_microsoft.windows.common-controls_6595b64144ccf1df_6.0.19041.3636_none_60b6a03d71f818d5;C:\Program Files\Java\jdk-17\bin\server;C:\Users\saad\.gradle\native\68d5fa5c4cc2d200863cafc0d521ce42e7d3e7ee720ec0a83991735586a16f82\windows-amd64;C:\Users\saad\.gradle\native\jansi\1.18\windows64

VM Arguments:
jvm_args: -Xmx64m -Xms64m -Dorg.gradle.appname=gradlew 
java_command: org.gradle.wrapper.GradleWrapperMain app:installDebug -PreactNativeDevServerPort=8081
java_class_path (initial): D:\Notes\Notes\android\\gradle\wrapper\gradle-wrapper.jar
Launcher Type: SUN_STANDARD

[Global flags]
     intx CICompilerCount                          = 3                                         {product} {ergonomic}
     uint ConcGCThreads                            = 1                                         {product} {ergonomic}
     uint G1ConcRefinementThreads                  = 4                                         {product} {ergonomic}
   size_t G1HeapRegionSize                         = 1048576                                   {product} {ergonomic}
    uintx GCDrainStackTargetSize                   = 64                                        {product} {ergonomic}
   size_t InitialHeapSize                          = 67108864                                  {product} {command line}
   size_t MarkStackSize                            = 4194304                                   {product} {ergonomic}
   size_t MaxHeapSize                              = 67108864                                  {product} {command line}
   size_t MaxNewSize                               = 39845888                                  {product} {ergonomic}
   size_t MinHeapDeltaBytes                        = 1048576                                   {product} {ergonomic}
   size_t MinHeapSize                              = 67108864                                  {product} {command line}
    uintx NonNMethodCodeHeapSize                   = 5832780                                {pd product} {ergonomic}
    uintx NonProfiledCodeHeapSize                  = 122912730                              {pd product} {ergonomic}
    uintx ProfiledCodeHeapSize                     = 122912730                              {pd product} {ergonomic}
    uintx ReservedCodeCacheSize                    = 251658240                              {pd product} {ergonomic}
     bool SegmentedCodeCache                       = true                                      {product} {ergonomic}
   size_t SoftMaxHeapSize                          = 67108864                               {manageable} {ergonomic}
     bool UseCompressedClassPointers               = true                           {product lp64_product} {ergonomic}
     bool UseCompressedOops                        = true                           {product lp64_product} {ergonomic}
     bool UseG1GC                                  = true                                      {product} {ergonomic}
     bool UseLargePagesIndividualAllocation        = false                                  {pd product} {ergonomic}

Logging:
Log output configuration:
 #0: stdout all=warning uptime,level,tags
 #1: stderr all=off uptime,level,tags

Environment Variables:
JAVA_HOME=C:\Program Files\Java\jdk-17
CLASSPATH=D:\Notes\Notes\android\\gradle\wrapper\gradle-wrapper.jar
PATH=C:\Python312\Scripts\;C:\Python312\;C:\Python310\Scripts\;C:\Python310\;C:\Program Files\Common Files\Oracle\Java\javapath;C:\Program Files (x86)\Common Files\Oracle\Java\javapath;C:\Program Files (x86)\Intel\iCLS Client\;C:\Program Files\Intel\iCLS Client\;C:\Program Files (x86)\Common Files\Intel\Shared Libraries\redist\intel64\compiler;C:\Windows\system32;C:\Windows;C:\Windows\System32\Wbem;C:\Windows\System32\WindowsPowerShell\v1.0\;C:\Windows\System32\OpenSSH\;C:\Program Files (x86)\Intel\Intel(R) Management Engine Components\DAL;C:\Program Files\Intel\Intel(R) Management Engine Components\DAL;C:\Program Files (x86)\Intel\Intel(R) Management Engine Components\IPT;C:\Program Files\Intel\Intel(R) Management Engine Components\IPT;C:\Program Files\Intel\WiFi\bin\;C:\Program Files\Common Files\Intel\WirelessCommon\;C:\Windows\System32;C:\Program Files\Git\cmd;C:\ProgramData\chocolatey\bin;C:\Program Files\Microsoft SQL Server\Client SDK\ODBC\170\Tools\Binn\;C:\Program Files (x86)\Microsoft SQL Server\150\Tools\Binn\;C:\Program Files\Microsoft SQL Server\150\Tools\Binn\;C:\Program Files\Microsoft SQL Server\150\DTS\Binn\;C:\Program Files (x86)\Microsoft SQL Server\100\Tools\Binn\;C:\Program Files\Microsoft SQL Server\100\Tools\Binn\;C:\Program Files\Microsoft SQL Server\100\DTS\Binn\;C:\Program Files\nodejs\;C:\Users\saad\AppData\Local\Microsoft\WindowsApps;C:\Program Files\Intel\WiFi\bin\;C:\Program Files\Common Files\Intel\WirelessCommon\;C:\Users\saad\AppData\Local\Programs\Microsoft VS Code\bin;C:\Users\saad\dart-sdk\bin;C:\tools\dart-sdk\bin;C:\flutter\bin;C:\Users\saad\AppData\Local\Android\Sdk\platform-tools;C:\Program Files\Azure Data Studio\bin;C:\Users\saad\AppData\Local\GitHubDesktop\bin;C:\Users\saad\AppData\Roaming\npm
USERNAME=saad
OS=Windows_NT
PROCESSOR_IDENTIFIER=Intel64 Family 6 Model 60 Stepping 3, GenuineIntel



---------------  S Y S T E M  ---------------

OS:
 Windows 10 , 64 bit Build 19041 (10.0.19041.3636)
OS uptime: 16 days 23:53 hours
Hyper-V role detected

CPU: total 4 (initial active 4) (2 cores per cpu, 2 threads per core) family 6 model 60 stepping 3 microcode 0x27, cx8, cmov, fxsr, ht, mmx, sse, sse2, sse3, ssse3, sse4.1, sse4.2, popcnt, lzcnt, tsc, tscinvbit, avx, avx2, aes, erms, clmul, bmi1, bmi2, fma, vzeroupper, clflush, hv

Memory: 4k page, system-wide physical 3974M (75M free)
TotalPageFile size 16262M (AvailPageFile size 0M)
current process WorkingSet (physical memory assigned to process): 15M, peak: 84M
current process commit charge ("private bytes"): 154M, peak: 158M

vm_info: Java HotSpot(TM) 64-Bit Server VM (17.0.10+11-LTS-240) for windows-amd64 JRE (17.0.10+11-LTS-240), built on Dec 19 2023 21:47:25 by "mach5one" with MS VC++ 17.1 (VS2022)

END.
